I, [2022-09-30T09:11:35.680706 #1690]  INFO -- default-terraform: -----> Destroying <default-terraform>...
W, [2022-09-30T09:11:35.681154 #1690]  WARN -- default-terraform: Reading the Terraform client version...
I, [2022-09-30T09:11:35.725760 #1690]  INFO -- default-terraform: Terraform v1.3.0
I, [2022-09-30T09:11:35.726364 #1690]  INFO -- default-terraform: on linux_amd64
I, [2022-09-30T09:11:35.726844 #1690]  INFO -- default-terraform: + provider registry.terraform.io/hashicorp/google v4.38.0
I, [2022-09-30T09:11:35.727103 #1690]  INFO -- default-terraform: 
I, [2022-09-30T09:11:35.727164 #1690]  INFO -- default-terraform: Your version of Terraform is out of date! The latest version
I, [2022-09-30T09:11:35.727355 #1690]  INFO -- default-terraform: is 1.3.1. You can update by downloading from https://www.terraform.io/downloads.html
W, [2022-09-30T09:11:35.739891 #1690]  WARN -- default-terraform: Finished reading the Terraform client version.
W, [2022-09-30T09:11:35.740283 #1690]  WARN -- default-terraform: Verifying the Terraform client version is in the supported interval of >= 0.11.4, < 2.0.0...
W, [2022-09-30T09:11:35.740669 #1690]  WARN -- default-terraform: Finished verifying the Terraform client version.
W, [2022-09-30T09:11:35.740883 #1690]  WARN -- default-terraform: Initializing the Terraform working directory...
I, [2022-09-30T09:11:35.797014 #1690]  INFO -- default-terraform: 
I, [2022-09-30T09:11:35.797248 #1690]  INFO -- default-terraform: [0m[1mInitializing the backend...[0m
I, [2022-09-30T09:11:36.084415 #1690]  INFO -- default-terraform: 
I, [2022-09-30T09:11:36.084512 #1690]  INFO -- default-terraform: [0m[1mInitializing provider plugins...[0m
I, [2022-09-30T09:11:36.084537 #1690]  INFO -- default-terraform: - Reusing previous version of hashicorp/google from the dependency lock file
I, [2022-09-30T09:11:36.433366 #1690]  INFO -- default-terraform: - Using previously-installed hashicorp/google v4.38.0
I, [2022-09-30T09:11:36.433727 #1690]  INFO -- default-terraform: 
I, [2022-09-30T09:11:36.434416 #1690]  INFO -- default-terraform: [0m[1m[32mTerraform has been successfully initialized![0m[32m[0m
W, [2022-09-30T09:11:36.447155 #1690]  WARN -- default-terraform: Finished initializing the Terraform working directory.
W, [2022-09-30T09:11:36.447311 #1690]  WARN -- default-terraform: Selecting the kitchen-terraform-default-terraform Terraform workspace...
W, [2022-09-30T09:11:36.752685 #1690]  WARN -- default-terraform: Finished selecting the kitchen-terraform-default-terraform Terraform workspace.
W, [2022-09-30T09:11:36.752869 #1690]  WARN -- default-terraform: Destroying the Terraform-managed infrastructure...
I, [2022-09-30T09:11:37.934004 #1690]  INFO -- default-terraform: [0m[1mgoogle_compute_firewall.allow-https-only-firewall: Refreshing state... [id=projects/winter-charmer-363215/global/firewalls/allow-https-only-firewall][0m
I, [2022-09-30T09:11:38.599073 #1690]  INFO -- default-terraform: 
I, [2022-09-30T09:11:38.599182 #1690]  INFO -- default-terraform: Terraform used the selected providers to generate the following execution
I, [2022-09-30T09:11:38.599214 #1690]  INFO -- default-terraform: plan. Resource actions are indicated with the following symbols:
I, [2022-09-30T09:11:38.599253 #1690]  INFO -- default-terraform:   [31m-[0m destroy
I, [2022-09-30T09:11:38.599274 #1690]  INFO -- default-terraform: [0m
I, [2022-09-30T09:11:38.599293 #1690]  INFO -- default-terraform: Terraform will perform the following actions:
I, [2022-09-30T09:11:38.599312 #1690]  INFO -- default-terraform: 
I, [2022-09-30T09:11:38.600086 #1690]  INFO -- default-terraform: [1m  # google_compute_firewall.allow-https-only-firewall[0m will be [1m[31mdestroyed[0m[0m
I, [2022-09-30T09:11:38.600153 #1690]  INFO -- default-terraform: [0m  [31m-[0m[0m resource "google_compute_firewall" "allow-https-only-firewall" {
I, [2022-09-30T09:11:38.600179 #1690]  INFO -- default-terraform:       [31m-[0m [0m[1m[0mcreation_timestamp[0m[0m      = "2022-09-30T00:11:35.426-07:00" [90m->[0m [0m[90mnull[0m[0m
I, [2022-09-30T09:11:38.600214 #1690]  INFO -- default-terraform:       [31m-[0m [0m[1m[0mdestination_ranges[0m[0m      = [] [90m->[0m [0m[90mnull[0m[0m
I, [2022-09-30T09:11:38.600248 #1690]  INFO -- default-terraform:       [31m-[0m [0m[1m[0mdirection[0m[0m               = "INGRESS" [90m->[0m [0m[90mnull[0m[0m
I, [2022-09-30T09:11:38.600273 #1690]  INFO -- default-terraform:       [31m-[0m [0m[1m[0mdisabled[0m[0m                = false [90m->[0m [0m[90mnull[0m[0m
I, [2022-09-30T09:11:38.600302 #1690]  INFO -- default-terraform:       [31m-[0m [0m[1m[0mid[0m[0m                      = "projects/winter-charmer-363215/global/firewalls/allow-https-only-firewall" [90m->[0m [0m[90mnull[0m[0m
I, [2022-09-30T09:11:38.600326 #1690]  INFO -- default-terraform:       [31m-[0m [0m[1m[0mname[0m[0m                    = "allow-https-only-firewall" [90m->[0m [0m[90mnull[0m[0m
I, [2022-09-30T09:11:38.600354 #1690]  INFO -- default-terraform:       [31m-[0m [0m[1m[0mnetwork[0m[0m                 = "https://www.googleapis.com/compute/v1/projects/winter-charmer-363215/global/networks/default" [90m->[0m [0m[90mnull[0m[0m
I, [2022-09-30T09:11:38.600384 #1690]  INFO -- default-terraform:       [31m-[0m [0m[1m[0mpriority[0m[0m                = 1000 [90m->[0m [0m[90mnull[0m[0m
I, [2022-09-30T09:11:38.600406 #1690]  INFO -- default-terraform:       [31m-[0m [0m[1m[0mproject[0m[0m                 = "winter-charmer-363215" [90m->[0m [0m[90mnull[0m[0m
I, [2022-09-30T09:11:38.600427 #1690]  INFO -- default-terraform:       [31m-[0m [0m[1m[0mself_link[0m[0m               = "https://www.googleapis.com/compute/v1/projects/winter-charmer-363215/global/firewalls/allow-https-only-firewall" [90m->[0m [0m[90mnull[0m[0m
I, [2022-09-30T09:11:38.600458 #1690]  INFO -- default-terraform:       [31m-[0m [0m[1m[0msource_ranges[0m[0m           = [
I, [2022-09-30T09:11:38.600496 #1690]  INFO -- default-terraform:    [31m-[0m [0m"0.0.0.0/0",
I, [2022-09-30T09:11:38.600529 #1690]  INFO -- default-terraform:  ] [90m->[0m [0m[90mnull[0m[0m
I, [2022-09-30T09:11:38.600551 #1690]  INFO -- default-terraform:       [31m-[0m [0m[1m[0msource_service_accounts[0m[0m = [] [90m->[0m [0m[90mnull[0m[0m
I, [2022-09-30T09:11:38.600581 #1690]  INFO -- default-terraform:       [31m-[0m [0m[1m[0msource_tags[0m[0m             = [
I, [2022-09-30T09:11:38.600618 #1690]  INFO -- default-terraform:    [31m-[0m [0m"web",
I, [2022-09-30T09:11:38.600640 #1690]  INFO -- default-terraform:  ] [90m->[0m [0m[90mnull[0m[0m
I, [2022-09-30T09:11:38.600658 #1690]  INFO -- default-terraform:       [31m-[0m [0m[1m[0mtarget_service_accounts[0m[0m = [] [90m->[0m [0m[90mnull[0m[0m
I, [2022-09-30T09:11:38.600686 #1690]  INFO -- default-terraform:       [31m-[0m [0m[1m[0mtarget_tags[0m[0m             = [] [90m->[0m [0m[90mnull[0m[0m
I, [2022-09-30T09:11:38.600707 #1690]  INFO -- default-terraform: 
I, [2022-09-30T09:11:38.600730 #1690]  INFO -- default-terraform:       [31m-[0m [0mallow {
I, [2022-09-30T09:11:38.600756 #1690]  INFO -- default-terraform:    [31m-[0m [0m[1m[0mports[0m[0m    = [
I, [2022-09-30T09:11:38.600779 #1690]  INFO -- default-terraform:        [31m-[0m [0m"443",
I, [2022-09-30T09:11:38.600934 #1690]  INFO -- default-terraform:      ] [90m->[0m [0m[90mnull[0m[0m
I, [2022-09-30T09:11:38.600971 #1690]  INFO -- default-terraform:    [31m-[0m [0m[1m[0mprotocol[0m[0m = "tcp" [90m->[0m [0m[90mnull[0m[0m
I, [2022-09-30T09:11:38.600995 #1690]  INFO -- default-terraform:  }
I, [2022-09-30T09:11:38.601018 #1690]  INFO -- default-terraform:     }
I, [2022-09-30T09:11:38.601038 #1690]  INFO -- default-terraform: 
I, [2022-09-30T09:11:38.601055 #1690]  INFO -- default-terraform: [0m[1mPlan:[0m 0 to add, 0 to change, 1 to destroy.
I, [2022-09-30T09:11:38.957513 #1690]  INFO -- default-terraform: [0m[0m[1mgoogle_compute_firewall.allow-https-only-firewall: Destroying... [id=projects/winter-charmer-363215/global/firewalls/allow-https-only-firewall][0m[0m
I, [2022-09-30T09:11:48.958725 #1690]  INFO -- default-terraform: [0m[1mgoogle_compute_firewall.allow-https-only-firewall: Still destroying... [id=projects/winter-charmer-363215/global/firewalls/allow-https-only-firewall, 10s elapsed][0m[0m
I, [2022-09-30T09:11:50.264587 #1690]  INFO -- default-terraform: [0m[1mgoogle_compute_firewall.allow-https-only-firewall: Destruction complete after 11s[0m
I, [2022-09-30T09:11:50.277067 #1690]  INFO -- default-terraform: [0m[1m[32m
I, [2022-09-30T09:11:50.277174 #1690]  INFO -- default-terraform: Destroy complete! Resources: 1 destroyed.
W, [2022-09-30T09:11:50.292020 #1690]  WARN -- default-terraform: Finished destroying the Terraform-managed infrastructure.
W, [2022-09-30T09:11:50.292280 #1690]  WARN -- default-terraform: Selecting the default Terraform workspace...
I, [2022-09-30T09:11:50.609934 #1690]  INFO -- default-terraform: [0m[0m[32mSwitched to workspace "default".[0m
W, [2022-09-30T09:11:50.622021 #1690]  WARN -- default-terraform: Finished selecting the default Terraform workspace.
W, [2022-09-30T09:11:50.622250 #1690]  WARN -- default-terraform: Deleting the kitchen-terraform-default-terraform Terraform workspace...
I, [2022-09-30T09:11:50.910099 #1690]  INFO -- default-terraform: [0m[32mDeleted workspace "kitchen-terraform-default-terraform"![0m
W, [2022-09-30T09:11:50.932487 #1690]  WARN -- default-terraform: Finished deleting the kitchen-terraform-default-terraform Terraform workspace.
I, [2022-09-30T09:11:50.933976 #1690]  INFO -- default-terraform: Finished destroying <default-terraform> (0m15.25s).
